02.01.2025 09:35:19 | User Error | fdasef
02.01.2025 09:41:31 | User Error | fdsaefd
02.01.2025 09:42:10 | User Error | fdasefda
02.02.2025 11:48:16 | User Error | fdsaef
02.02.2025 11:52:47 | User Error | fdsaef
02.02.2025 11:53:37 | User Error | fdsaef
02.02.2025 11:54:12 | User Error | ahaoijf
02.02.2025 11:57:14 | User Error | fdsaefds
02.02.2025 11:57:32 | User Error | fdsaefds
02.02.2025 11:59:04 | User Error | fdsaefds
02.02.2025 12:00:17 | User Error | fdsaefdsa
02.02.2025 12:09:10 | User Error | dfdsaef
02.02.2025 12:21:39 | User Error | dfdsaef
02.02.2025 12:22:22 | User Error | dfdsaef
02.02.2025 12:23:07 | User Error | fdsaef
02.02.2025 12:24:46 | User Error | fdsaef
02.02.2025 12:26:17 | User Error | fdsaef
02.02.2025 12:26:43 | User Error | dfdsaef
02.02.2025 12:27:28 | User Error | fdsaef
02.02.2025 12:27:46 | User Error | fdsaef
02.02.2025 02:06:43 | User Error | fdsaef
02.02.2025 02:22:37 | User Error | dsaef
